[INFO ] 2017-01-18 12:10:09.834 [main] SalesExpressPocApplication - Inside main method 
[INFO ] 2017-01-18 12:10:11.993 [main] SalesExpressPocApplication - No active profile set, falling back to default profiles: default
[INFO ] 2017-01-18 12:10:23.974 [main] SalesExpressPocApplication - Started SalesExpressPocApplication in 13.995 seconds (JVM running for 14.933)
[INFO ] 2017-01-18 12:10:51.214 [http-nio-9090-exec-2] SalesAuthenticationSuccessHandler - Authentication successful
[INFO ] 2017-01-18 12:10:51.244 [http-nio-9090-exec-3] SalesExpressPocController - Solution is retrieved from authentication object is ec006e
[INFO ] 2017-01-18 12:10:51.289 [http-nio-9090-exec-3] DbServiceImpl - Solution id retrieved from database is  820000
[DEBUG] 2017-01-18 12:10:51.349 [http-nio-9090-exec-3] SalesExpressPocController - Solution is saved in session is: 820000
[INFO ] 2017-01-18 12:10:51.435 [http-nio-9090-exec-3] DbServiceImpl - Inside findUserDetailByUserIdSolutionId() method.
[DEBUG] 2017-01-18 12:10:51.509 [http-nio-9090-exec-3] SalesExpressOperationServiceImpl - User site metadata json received is {"siteAddresses":[{"site_id":"117","site_addr":"9804 Camden Hills Avenue, Las Vegas, NV, 89145 US"},{"site_id":"118","site_addr":"1 Erieview Plaza, Suite 1300, Cleveland, Ohio, 44114 US"},{"site_id":"119","site_addr":"45 Chimney Ct, laurence Harbor, NJ, 08879 US"}],"user_id":"ec006e","solution_id":820000}
[INFO ] 2017-01-18 12:10:52.454 [http-nio-9090-exec-5] SalesExpressJsonDataController - Inside getSiteDataBySiteName method, sitename : testSite
[DEBUG] 2017-01-18 12:10:52.455 [http-nio-9090-exec-5] DbServiceImpl - inside getSiteMetaData debug mode
[INFO ] 2017-01-18 12:10:52.455 [http-nio-9090-exec-5] DbServiceImpl - Inside getSiteMetaData() method with siteType testSite
[DEBUG] 2017-01-18 12:10:52.558 [http-nio-9090-exec-5] SalesExpressOperationServiceImpl - Site configuration metadata json received is 
{
	"accessSpeeds": {
		"ETHERNET": {
			"displayValue" : "Ethernet",
			"accessSpeedImagePath": "images/ethernet.png",
			"range": [
				{ 
				  "speed": "2000", 
				  "MRC": "1550-8702/site",
				  "NRC": "1296-9525/site"
				},
				{ 
				  "speed": "10000", 
				  "MRC": "1688-7924/site",
				  "NRC": "4428-8063/site"
				},
				{ 
				  "speed": "50000", 
				  "MRC": "1496-9255/site",
				  "NRC": "1348-6417/site"
				},
				{ 
				  "speed": "150000", 
				  "MRC": "2199-9543/site",
				  "NRC": "1499-7507/site"
				},
				{ 
				  "speed": "500000", 
				  "MRC": "4767-8961/site",
				  "NRC": "1811-9933/site"
				}				
			],
			"physicalInterferenceOptions": [{
					"key": "ethernetlxBase100",
					"value": "Ethernet 100 Base LX"
				}, {
					"key": "ethernetlxBase200",
					"value": "Ethernet 200 Base LX"
				}, {
					"key": "ethernetlxBase300",
					"value": "Ethernet 300 Base LX"
				}
			],
			"accessInterconnectTechnology": [{
					"key": "ethernetdirectConnect",
					"value": "Ethernet Direct Connect"
				}, {
					"key": "ethernetindirectConnect",
					"value": "Ethernet Indirect Connect"
				}
			],
			"localAccessManagementOptions": [{
					"key": "ethernet200",
					"value": "Ethernet 200"
				}, {
					"key": "ethernet500",
					"value": "Ethernet 500"
				}
			],	
			"accessTailTechnologyOptions": [{
					"key": "ethernetshared",
					"value": "Ethernet ESP ETH Shared"
				}, {
					"key": "ethernetdedicated",
					"value": "Ethernet ESP ETH Dedicated"
				}
			],	
			"accessArchitectureOptions": [{
					"key": "ethernetswitched",
					"value": "Ethernet Switched"
				}, {
					"key": "ethernetstandalone",
					"value": "Ethernet Standalone"
				}
			]				
		},
		"IP": {
			"displayValue" : "IP",
			"accessSpeedImagePath": "images/private_line.png",
			"range": [
				{ 
				  "speed": "1544", 
				  "MRC": "1209-9761/site",
				  "NRC": "1663-9517/site"
				},
				{ 
				  "speed": "44736", 
				  "MRC": "1595-9885/site",
				  "NRC": "1978-9384/site"
				},
				{ 
				  "speed": "155520", 
				  "MRC": "5725-9007/site",
				  "NRC": "1575-8481/site"
				},
				{ 
				  "speed": "622080", 
				  "MRC": "2046-9704/site",
				  "NRC": "6487-8297/site"
				},
				{ 
				  "speed": "2488320", 
				  "MRC": "1315-8309/site",
				  "NRC": "1298-9815/site"
				}
			],			
			"physicalInterferenceOptions": [{
					"key": "privatelinelxBase100",
					"value": "Private Line 100 Base LX"
				}, {
					"key": "privatelinelxBase200",
					"value": "Private Line 200 Base LX"
				}, {
					"key": "privatelinelxBase300",
					"value": "Private Line 300 Base LX"
				}
			],
			"accessInterconnectTechnology": [{
					"key": "privatelinedirectConnect",
					"value": "Private Line Direct Connect"
				}, {
					"key": "privatelineindirectConnect",
					"value": "Private Line Indirect Connect"
				}
			],
			"localAccessManagementOptions": [{
					"key": "privateline200",
					"value": "Private Line 200"
				}, {
					"key": "privateline500",
					"value": "Private Line 500"
				}
			],	
			"accessTailTechnologyOptions": [{
					"key": "privatelineshared",
					"value": "Private Line ESP ETH Shared"
				}, {
					"key": "privatelinededicated",
					"value": "Private Line ESP ETH Dedicated"
				}
			],	
			"accessArchitectureOptions": [{
					"key": "privatelineswitched",
					"value": "Private Line Switched"
				}, {
					"key": "privatelinestandalone",
					"value": "Private Line Standalone"
				}
			]			
		}
	},
	"portSpeeds": {
		"ETHERNET": {
			"displayValue" : "Ethernet",
			"portOptionImagePath": "images/scdapb.png",	
			"range": [
				{ 
				  "speed": "1500", 
				  "MRC": "$0-$100/site",
				  "NRC": "$110-$120/site"
				},
				{ 
				  "speed": "2000", 
				  "MRC": "$200-$210/site",
				  "NRC": "$220-$230/site"
				},
				{ 
				  "speed": "3000", 
				  "MRC": "$300-$310/site",
				  "NRC": "$320-$330/site"
				},
				{ 
				  "speed": "4000", 
				  "MRC": "$400-$410/site",
				  "NRC": "$420-$430/site"
				},
				{ 
				  "speed": "5000", 
				  "MRC": "$500-$510/site",
				  "NRC": "$520-$530/site"
				},
				{ 
				  "speed": "6000", 
				  "MRC": "$600-$510/site",
				  "NRC": "$620-$530/site"
				},
				{ 
				  "speed": "7000", 
				  "MRC": "$700-$510/site",
				  "NRC": "$720-$530/site"
				},
				{ 
				  "speed": "8000", 
				  "MRC": "$800-$510/site",
				  "NRC": "$820-$530/site"
				},
				{ 
				  "speed": "9000", 
				  "MRC": "$900-$510/site",
				  "NRC": "$920-$530/site"
				}				
			],
			"portType": [{
					"key": "ethernetporttyp1",
					"value": "Port 1"
				}, {
					"key": "ethernetporttyp3",
					"value": "Port 3"
				}, {
					"key": "ethernetporttyp2",
					"value": "Port 2"
				}
			],
			"routingProtocol": [{
					"key": "bgp1ethernet",
					"value": "ethernetBGP 1"
				}, {
					"key": "ethernetbgp2",
					"value": "ethernetBGP 2"
				}
			],
			"portProtocol": [{
					"key": "ethernetportProtocol1",
					"value": "ethernetPort Protocol 1"
				}, {
					"key": "ethernetportProtocol2",
					"value": "ethernetPort Protocol 2"
				}
			],	
			"ipVersion": [{
					"key": "ethernetipv4",
					"value": "ethernetIPV4"
				}, {
					"key": "ethernetipv6",
					"value": "ethernetIPV6"
				}
			],	
			"ratePlan": [{
					"key": "ethernetfixed",
					"value": "ethernetFixed"
				}, {
					"key": "ethernetfloating",
					"value": "ethernetFloating"
				}
			],
			"resiliencyOptions": [
				{
					"key": "SCDAPB",
					"value" : "Single CE, Dual Access, Primary/Backup"
				}, {
					"key": "DCDAPB",
					"value" : "Dual CE, Dual Access, Primary/Backup"
				}
			]							
		},
		"IP": {
			"displayValue" : "IP",
			"portOptionImagePath": "images/scdapb.png",
			"range": [
				{ 
				  "speed": "40000", 
				  "MRC": "$10-$190/site",
				  "NRC": "$1190-$1290/site"
				},
				{ 
				  "speed": "44736", 
				  "MRC": "$2090-$2190/site",
				  "NRC": "$2290-$2390/site"
				},
				{ 
				  "speed": "155520", 
				  "MRC": "$3090-$3190/site",
				  "NRC": "$3290-$3390/site"
				},
				{ 
				  "speed": "622080", 
				  "MRC": "$4090-$4190/site",
				  "NRC": "$4290-$4390/site"
				},
				{ 
				  "speed": "2488320", 
				  "MRC": "$5090-$5190/site",
				  "NRC": "$5290-$5390/site"
				}
			],			
			"portType": [{
					"key": "private_lineporttyp1",
					"value": "Port 1"
				}, {
					"key": "private_lineporttyp3",
					"value": "Port 3"
				}, {
					"key": "private_lineporttyp2",
					"value": "Port 2"
				}
			],
			"routingProtocol": [{
					"key": "bgp1private_line",
					"value": "private_lineBGP 1"
				}, {
					"key": "private_linebgp2",
					"value": "private_lineBGP 2"
				}
			],
			"portProtocol": [{
					"key": "private_lineportProtocol1",
					"value": "private_linePort Protocol 1"
				}, {
					"key": "private_lineportProtocol2",
					"value": "private_linePort Protocol 2"
				}
			],	
			"ipVersion": [{
					"key": "private_lineipv4",
					"value": "private_lineIPV4"
				}, {
					"key": "private_lineipv6",
					"value": "private_lineIPV6"
				}
			],	
			"ratePlan": [{
					"key": "private_linefixed",
					"value": "private_lineFixed"
				}, {
					"key": "private_linefloating",
					"value": "private_lineFloating"
				}
			],
			"resiliencyOptions": [
				{
					"key" : "NORES",
					"value" : "No Resiliency"
				}, {
					"key": "SCDAPB",
					"value" : "Single CE, Dual Access, Primary/Backup"
				}, {
					"key": "DCDAPB",
					"value" : "Dual CE, Dual Access, Primary/Backup"
				}
			]
		}
	}
}
[DEBUG] 2017-01-18 12:10:52.740 [http-nio-9090-exec-4] SalesExpressJsonDataController - Access speed json retrived is: {"IP":[{"portType":"IP","speed":"1544","MRC":"1209-9761","NRC":"1663-9517"},{"portType":"IP","speed":"44736","MRC":"1595-9885","NRC":"1978-9384"},{"portType":"IP","speed":"155520","MRC":"5725-9007","NRC":"1575-8481"},{"portType":"IP","speed":"622080","MRC":"2046-9704","NRC":"6487-8297"},{"portType":"IP","speed":"2488320","MRC":"1315-8309","NRC":"1298-9815"}],"ETHERNET":[{"portType":"ETHERNET","speed":"1500","MRC":"6036-9436","NRC":"4606-9797"},{"portType":"ETHERNET","speed":"2000","MRC":"1550-8702","NRC":"1296-9525"},{"portType":"ETHERNET","speed":"3000","MRC":"1556-8949","NRC":"3989-9288"},{"portType":"ETHERNET","speed":"4000","MRC":"2447-9203","NRC":"2025-7003"},{"portType":"ETHERNET","speed":"5000","MRC":"2784-8747","NRC":"1461-9415"},{"portType":"ETHERNET","speed":"6000","MRC":"3440-9164","NRC":"2100-8446"},{"portType":"ETHERNET","speed":"7000","MRC":"1409-6469","NRC":"1616-9576"},{"portType":"ETHERNET","speed":"8000","MRC":"1785-9780","NRC":"3077-9790"},{"portType":"ETHERNET","speed":"9000","MRC":"1673-9047","NRC":"2029-8102"},{"portType":"ETHERNET","speed":"10000","MRC":"1688-7924","NRC":"4428-8063"},{"portType":"ETHERNET","speed":"15000","MRC":"1493-9926","NRC":"1262-7987"},{"portType":"ETHERNET","speed":"20000","MRC":"2337-9236","NRC":"4091-9554"},{"portType":"ETHERNET","speed":"25000","MRC":"2747-9897","NRC":"2076-9770"},{"portType":"ETHERNET","speed":"30000","MRC":"2686-9240","NRC":"2895-9954"},{"portType":"ETHERNET","speed":"35000","MRC":"1278-9439","NRC":"2126-7526"},{"portType":"ETHERNET","speed":"40000","MRC":"1391-7759","NRC":"3524-9900"},{"portType":"ETHERNET","speed":"45000","MRC":"1413-9157","NRC":"2709-8841"},{"portType":"ETHERNET","speed":"50000","MRC":"1496-9255","NRC":"1348-6417"},{"portType":"ETHERNET","speed":"60000","MRC":"3012-9212","NRC":"1366-6869"},{"portType":"ETHERNET","speed":"70000","MRC":"1449-8499","NRC":"1887-9772"},{"portType":"ETHERNET","speed":"80000","MRC":"1771-9605","NRC":"2100-7821"},{"portType":"ETHERNET","speed":"90000","MRC":"2257-9637","NRC":"1822-9101"},{"portType":"ETHERNET","speed":"100000","MRC":"1227-9667","NRC":"3763-9414"},{"portType":"ETHERNET","speed":"120000","MRC":"2118-8208","NRC":"1478-8979"},{"portType":"ETHERNET","speed":"144000","MRC":"2735-9299","NRC":"1611-9769"},{"portType":"ETHERNET","speed":"150000","MRC":"2199-9543","NRC":"1499-7507"},{"portType":"ETHERNET","speed":"155000","MRC":"2670-9555","NRC":"2569-6853"},{"portType":"ETHERNET","speed":"200000","MRC":"2262-8707","NRC":"3943-9635"},{"portType":"ETHERNET","speed":"250000","MRC":"1969-9732","NRC":"2464-8930"},{"portType":"ETHERNET","speed":"300000","MRC":"2166-8362","NRC":"4285-9060"},{"portType":"ETHERNET","speed":"350000","MRC":"1779-8219","NRC":"1667-7689"},{"portType":"ETHERNET","speed":"400000","MRC":"1373-9017","NRC":"1683-9316"},{"portType":"ETHERNET","speed":"450000","MRC":"3526-9077","NRC":"4119-9855"},{"portType":"ETHERNET","speed":"500000","MRC":"4767-8961","NRC":"1811-9933"},{"portType":"ETHERNET","speed":"550000","MRC":"3177-9965","NRC":"3341-9952"},{"portType":"ETHERNET","speed":"600000","MRC":"3551-8748","NRC":"2604-9504"},{"portType":"ETHERNET","speed":"622000","MRC":"1266-7789","NRC":"4235-9706"},{"portType":"ETHERNET","speed":"700000","MRC":"2752-9861","NRC":"1407-7285"},{"portType":"ETHERNET","speed":"750000","MRC":"2015-9324","NRC":"3170-8164"},{"portType":"ETHERNET","speed":"800000","MRC":"1315-8886","NRC":"1439-9767"},{"portType":"ETHERNET","speed":"900000","MRC":"1610-8468","NRC":"1376-8124"},{"portType":"ETHERNET","speed":"1000000","MRC":"1275-9965","NRC":"1334-9970"}]}
[INFO ] 2017-01-18 12:10:54.974 [http-nio-9090-exec-1] SalesExpressPocController - Inside configure() method class com.att.salesexpress.webapp.controller.SalesExpressPocController
[DEBUG] 2017-01-18 12:10:55.053 [http-nio-9090-exec-1] SalesExpressOperationServiceImpl - Transaction Id retrieved from database is 68
[INFO ] 2017-01-18 12:10:55.697 [http-nio-9090-exec-9] SalesExpressJsonDataController - Inside getSiteDataBySiteName method, sitename : testSite
[DEBUG] 2017-01-18 12:10:55.697 [http-nio-9090-exec-9] DbServiceImpl - inside getSiteMetaData debug mode
[INFO ] 2017-01-18 12:10:55.697 [http-nio-9090-exec-9] DbServiceImpl - Inside getSiteMetaData() method with siteType testSite
[DEBUG] 2017-01-18 12:10:55.802 [http-nio-9090-exec-9] SalesExpressOperationServiceImpl - Site configuration metadata json received is 
{
	"accessSpeeds": {
		"ETHERNET": {
			"displayValue" : "Ethernet",
			"accessSpeedImagePath": "images/ethernet.png",
			"range": [
				{ 
				  "speed": "2000", 
				  "MRC": "1550-8702/site",
				  "NRC": "1296-9525/site"
				},
				{ 
				  "speed": "10000", 
				  "MRC": "1688-7924/site",
				  "NRC": "4428-8063/site"
				},
				{ 
				  "speed": "50000", 
				  "MRC": "1496-9255/site",
				  "NRC": "1348-6417/site"
				},
				{ 
				  "speed": "150000", 
				  "MRC": "2199-9543/site",
				  "NRC": "1499-7507/site"
				},
				{ 
				  "speed": "500000", 
				  "MRC": "4767-8961/site",
				  "NRC": "1811-9933/site"
				}				
			],
			"physicalInterferenceOptions": [{
					"key": "ethernetlxBase100",
					"value": "Ethernet 100 Base LX"
				}, {
					"key": "ethernetlxBase200",
					"value": "Ethernet 200 Base LX"
				}, {
					"key": "ethernetlxBase300",
					"value": "Ethernet 300 Base LX"
				}
			],
			"accessInterconnectTechnology": [{
					"key": "ethernetdirectConnect",
					"value": "Ethernet Direct Connect"
				}, {
					"key": "ethernetindirectConnect",
					"value": "Ethernet Indirect Connect"
				}
			],
			"localAccessManagementOptions": [{
					"key": "ethernet200",
					"value": "Ethernet 200"
				}, {
					"key": "ethernet500",
					"value": "Ethernet 500"
				}
			],	
			"accessTailTechnologyOptions": [{
					"key": "ethernetshared",
					"value": "Ethernet ESP ETH Shared"
				}, {
					"key": "ethernetdedicated",
					"value": "Ethernet ESP ETH Dedicated"
				}
			],	
			"accessArchitectureOptions": [{
					"key": "ethernetswitched",
					"value": "Ethernet Switched"
				}, {
					"key": "ethernetstandalone",
					"value": "Ethernet Standalone"
				}
			]				
		},
		"IP": {
			"displayValue" : "IP",
			"accessSpeedImagePath": "images/private_line.png",
			"range": [
				{ 
				  "speed": "1544", 
				  "MRC": "1209-9761/site",
				  "NRC": "1663-9517/site"
				},
				{ 
				  "speed": "44736", 
				  "MRC": "1595-9885/site",
				  "NRC": "1978-9384/site"
				},
				{ 
				  "speed": "155520", 
				  "MRC": "5725-9007/site",
				  "NRC": "1575-8481/site"
				},
				{ 
				  "speed": "622080", 
				  "MRC": "2046-9704/site",
				  "NRC": "6487-8297/site"
				},
				{ 
				  "speed": "2488320", 
				  "MRC": "1315-8309/site",
				  "NRC": "1298-9815/site"
				}
			],			
			"physicalInterferenceOptions": [{
					"key": "privatelinelxBase100",
					"value": "Private Line 100 Base LX"
				}, {
					"key": "privatelinelxBase200",
					"value": "Private Line 200 Base LX"
				}, {
					"key": "privatelinelxBase300",
					"value": "Private Line 300 Base LX"
				}
			],
			"accessInterconnectTechnology": [{
					"key": "privatelinedirectConnect",
					"value": "Private Line Direct Connect"
				}, {
					"key": "privatelineindirectConnect",
					"value": "Private Line Indirect Connect"
				}
			],
			"localAccessManagementOptions": [{
					"key": "privateline200",
					"value": "Private Line 200"
				}, {
					"key": "privateline500",
					"value": "Private Line 500"
				}
			],	
			"accessTailTechnologyOptions": [{
					"key": "privatelineshared",
					"value": "Private Line ESP ETH Shared"
				}, {
					"key": "privatelinededicated",
					"value": "Private Line ESP ETH Dedicated"
				}
			],	
			"accessArchitectureOptions": [{
					"key": "privatelineswitched",
					"value": "Private Line Switched"
				}, {
					"key": "privatelinestandalone",
					"value": "Private Line Standalone"
				}
			]			
		}
	},
	"portSpeeds": {
		"ETHERNET": {
			"displayValue" : "Ethernet",
			"portOptionImagePath": "images/scdapb.png",	
			"range": [
				{ 
				  "speed": "1500", 
				  "MRC": "$0-$100/site",
				  "NRC": "$110-$120/site"
				},
				{ 
				  "speed": "2000", 
				  "MRC": "$200-$210/site",
				  "NRC": "$220-$230/site"
				},
				{ 
				  "speed": "3000", 
				  "MRC": "$300-$310/site",
				  "NRC": "$320-$330/site"
				},
				{ 
				  "speed": "4000", 
				  "MRC": "$400-$410/site",
				  "NRC": "$420-$430/site"
				},
				{ 
				  "speed": "5000", 
				  "MRC": "$500-$510/site",
				  "NRC": "$520-$530/site"
				},
				{ 
				  "speed": "6000", 
				  "MRC": "$600-$510/site",
				  "NRC": "$620-$530/site"
				},
				{ 
				  "speed": "7000", 
				  "MRC": "$700-$510/site",
				  "NRC": "$720-$530/site"
				},
				{ 
				  "speed": "8000", 
				  "MRC": "$800-$510/site",
				  "NRC": "$820-$530/site"
				},
				{ 
				  "speed": "9000", 
				  "MRC": "$900-$510/site",
				  "NRC": "$920-$530/site"
				}				
			],
			"portType": [{
					"key": "ethernetporttyp1",
					"value": "Port 1"
				}, {
					"key": "ethernetporttyp3",
					"value": "Port 3"
				}, {
					"key": "ethernetporttyp2",
					"value": "Port 2"
				}
			],
			"routingProtocol": [{
					"key": "bgp1ethernet",
					"value": "ethernetBGP 1"
				}, {
					"key": "ethernetbgp2",
					"value": "ethernetBGP 2"
				}
			],
			"portProtocol": [{
					"key": "ethernetportProtocol1",
					"value": "ethernetPort Protocol 1"
				}, {
					"key": "ethernetportProtocol2",
					"value": "ethernetPort Protocol 2"
				}
			],	
			"ipVersion": [{
					"key": "ethernetipv4",
					"value": "ethernetIPV4"
				}, {
					"key": "ethernetipv6",
					"value": "ethernetIPV6"
				}
			],	
			"ratePlan": [{
					"key": "ethernetfixed",
					"value": "ethernetFixed"
				}, {
					"key": "ethernetfloating",
					"value": "ethernetFloating"
				}
			],
			"resiliencyOptions": [
				{
					"key": "SCDAPB",
					"value" : "Single CE, Dual Access, Primary/Backup"
				}, {
					"key": "DCDAPB",
					"value" : "Dual CE, Dual Access, Primary/Backup"
				}
			]							
		},
		"IP": {
			"displayValue" : "IP",
			"portOptionImagePath": "images/scdapb.png",
			"range": [
				{ 
				  "speed": "40000", 
				  "MRC": "$10-$190/site",
				  "NRC": "$1190-$1290/site"
				},
				{ 
				  "speed": "44736", 
				  "MRC": "$2090-$2190/site",
				  "NRC": "$2290-$2390/site"
				},
				{ 
				  "speed": "155520", 
				  "MRC": "$3090-$3190/site",
				  "NRC": "$3290-$3390/site"
				},
				{ 
				  "speed": "622080", 
				  "MRC": "$4090-$4190/site",
				  "NRC": "$4290-$4390/site"
				},
				{ 
				  "speed": "2488320", 
				  "MRC": "$5090-$5190/site",
				  "NRC": "$5290-$5390/site"
				}
			],			
			"portType": [{
					"key": "private_lineporttyp1",
					"value": "Port 1"
				}, {
					"key": "private_lineporttyp3",
					"value": "Port 3"
				}, {
					"key": "private_lineporttyp2",
					"value": "Port 2"
				}
			],
			"routingProtocol": [{
					"key": "bgp1private_line",
					"value": "private_lineBGP 1"
				}, {
					"key": "private_linebgp2",
					"value": "private_lineBGP 2"
				}
			],
			"portProtocol": [{
					"key": "private_lineportProtocol1",
					"value": "private_linePort Protocol 1"
				}, {
					"key": "private_lineportProtocol2",
					"value": "private_linePort Protocol 2"
				}
			],	
			"ipVersion": [{
					"key": "private_lineipv4",
					"value": "private_lineIPV4"
				}, {
					"key": "private_lineipv6",
					"value": "private_lineIPV6"
				}
			],	
			"ratePlan": [{
					"key": "private_linefixed",
					"value": "private_lineFixed"
				}, {
					"key": "private_linefloating",
					"value": "private_lineFloating"
				}
			],
			"resiliencyOptions": [
				{
					"key" : "NORES",
					"value" : "No Resiliency"
				}, {
					"key": "SCDAPB",
					"value" : "Single CE, Dual Access, Primary/Backup"
				}, {
					"key": "DCDAPB",
					"value" : "Dual CE, Dual Access, Primary/Backup"
				}
			]
		}
	}
}
[DEBUG] 2017-01-18 12:10:55.996 [http-nio-9090-exec-4] SalesExpressJsonDataController - Access speed json retrived is: {"IP":[{"portType":"IP","speed":"1544","MRC":"1209-9761","NRC":"1663-9517"},{"portType":"IP","speed":"44736","MRC":"1595-9885","NRC":"1978-9384"},{"portType":"IP","speed":"155520","MRC":"5725-9007","NRC":"1575-8481"},{"portType":"IP","speed":"622080","MRC":"2046-9704","NRC":"6487-8297"},{"portType":"IP","speed":"2488320","MRC":"1315-8309","NRC":"1298-9815"}],"ETHERNET":[{"portType":"ETHERNET","speed":"1500","MRC":"6036-9436","NRC":"4606-9797"},{"portType":"ETHERNET","speed":"2000","MRC":"1550-8702","NRC":"1296-9525"},{"portType":"ETHERNET","speed":"3000","MRC":"1556-8949","NRC":"3989-9288"},{"portType":"ETHERNET","speed":"4000","MRC":"2447-9203","NRC":"2025-7003"},{"portType":"ETHERNET","speed":"5000","MRC":"2784-8747","NRC":"1461-9415"},{"portType":"ETHERNET","speed":"6000","MRC":"3440-9164","NRC":"2100-8446"},{"portType":"ETHERNET","speed":"7000","MRC":"1409-6469","NRC":"1616-9576"},{"portType":"ETHERNET","speed":"8000","MRC":"1785-9780","NRC":"3077-9790"},{"portType":"ETHERNET","speed":"9000","MRC":"1673-9047","NRC":"2029-8102"},{"portType":"ETHERNET","speed":"10000","MRC":"1688-7924","NRC":"4428-8063"},{"portType":"ETHERNET","speed":"15000","MRC":"1493-9926","NRC":"1262-7987"},{"portType":"ETHERNET","speed":"20000","MRC":"2337-9236","NRC":"4091-9554"},{"portType":"ETHERNET","speed":"25000","MRC":"2747-9897","NRC":"2076-9770"},{"portType":"ETHERNET","speed":"30000","MRC":"2686-9240","NRC":"2895-9954"},{"portType":"ETHERNET","speed":"35000","MRC":"1278-9439","NRC":"2126-7526"},{"portType":"ETHERNET","speed":"40000","MRC":"1391-7759","NRC":"3524-9900"},{"portType":"ETHERNET","speed":"45000","MRC":"1413-9157","NRC":"2709-8841"},{"portType":"ETHERNET","speed":"50000","MRC":"1496-9255","NRC":"1348-6417"},{"portType":"ETHERNET","speed":"60000","MRC":"3012-9212","NRC":"1366-6869"},{"portType":"ETHERNET","speed":"70000","MRC":"1449-8499","NRC":"1887-9772"},{"portType":"ETHERNET","speed":"80000","MRC":"1771-9605","NRC":"2100-7821"},{"portType":"ETHERNET","speed":"90000","MRC":"2257-9637","NRC":"1822-9101"},{"portType":"ETHERNET","speed":"100000","MRC":"1227-9667","NRC":"3763-9414"},{"portType":"ETHERNET","speed":"120000","MRC":"2118-8208","NRC":"1478-8979"},{"portType":"ETHERNET","speed":"144000","MRC":"2735-9299","NRC":"1611-9769"},{"portType":"ETHERNET","speed":"150000","MRC":"2199-9543","NRC":"1499-7507"},{"portType":"ETHERNET","speed":"155000","MRC":"2670-9555","NRC":"2569-6853"},{"portType":"ETHERNET","speed":"200000","MRC":"2262-8707","NRC":"3943-9635"},{"portType":"ETHERNET","speed":"250000","MRC":"1969-9732","NRC":"2464-8930"},{"portType":"ETHERNET","speed":"300000","MRC":"2166-8362","NRC":"4285-9060"},{"portType":"ETHERNET","speed":"350000","MRC":"1779-8219","NRC":"1667-7689"},{"portType":"ETHERNET","speed":"400000","MRC":"1373-9017","NRC":"1683-9316"},{"portType":"ETHERNET","speed":"450000","MRC":"3526-9077","NRC":"4119-9855"},{"portType":"ETHERNET","speed":"500000","MRC":"4767-8961","NRC":"1811-9933"},{"portType":"ETHERNET","speed":"550000","MRC":"3177-9965","NRC":"3341-9952"},{"portType":"ETHERNET","speed":"600000","MRC":"3551-8748","NRC":"2604-9504"},{"portType":"ETHERNET","speed":"622000","MRC":"1266-7789","NRC":"4235-9706"},{"portType":"ETHERNET","speed":"700000","MRC":"2752-9861","NRC":"1407-7285"},{"portType":"ETHERNET","speed":"750000","MRC":"2015-9324","NRC":"3170-8164"},{"portType":"ETHERNET","speed":"800000","MRC":"1315-8886","NRC":"1439-9767"},{"portType":"ETHERNET","speed":"900000","MRC":"1610-8468","NRC":"1376-8124"},{"portType":"ETHERNET","speed":"1000000","MRC":"1275-9965","NRC":"1334-9970"}]}
[INFO ] 2017-01-18 12:11:08.269 [http-nio-9090-exec-2] SalesExpressJsonDataController - Inside getValues() method 
[INFO ] 2017-01-18 12:11:08.269 [http-nio-9090-exec-2] SalesExpressJsonDataController - Request parameters are userId: ec006e, solutionId: 820000, transactionId: 68
[INFO ] 2017-01-18 12:11:08.304 [http-nio-9090-exec-2] DbServiceImpl - Inside updateSiteConfigurationData() method.
[INFO ] 2017-01-18 12:11:08.330 [http-nio-9090-exec-2] DbServiceImpl - Return value after update is 1
[INFO ] 2017-01-18 12:11:08.377 [http-nio-9090-exec-3] SalesExpressJsonDataController - Inside getPortSpeedsByAccessSpeed() method class com.att.salesexpress.webapp.controller.SalesExpressJsonDataController
[INFO ] 2017-01-18 12:11:08.377 [http-nio-9090-exec-3] DbServiceImpl - Access Speed and Access Type received are 5000 and ETHERNET
[INFO ] 2017-01-18 12:11:08.428 [http-nio-9090-exec-3] SalesExpressJsonDataController - Port speeds retrieved are [{"speed":"1500","MRC":"7053","NRC":"7746"},{"speed":"2000","MRC":"6130","NRC":"5321"},{"speed":"2000","MRC":"2784","NRC":"3301"},{"speed":"2000","MRC":"7489","NRC":"6942"},{"speed":"1500","MRC":"3622","NRC":"9415"},{"speed":"2000","MRC":"7283","NRC":"5352"},{"speed":"1500","MRC":"8747","NRC":"1461"},{"speed":"1500","MRC":"3656","NRC":"6256"}]
[INFO ] 2017-01-18 12:11:15.133 [http-nio-9090-exec-10] SalesExpressJsonDataController - Inside getValues() method 
[INFO ] 2017-01-18 12:11:15.133 [http-nio-9090-exec-10] SalesExpressJsonDataController - Request parameters are userId: ec006e, solutionId: 820000, transactionId: 68
[INFO ] 2017-01-18 12:11:15.181 [http-nio-9090-exec-10] DbServiceImpl - Inside updateSiteConfigurationData() method.
[INFO ] 2017-01-18 12:11:15.206 [http-nio-9090-exec-10] DbServiceImpl - Return value after update is 1
[INFO ] 2017-01-18 12:11:22.910 [http-nio-9090-exec-9] SalesExpressJsonDataController - Inside saveServiceFeaturesData {Data Service={Performance={CosType=Port Level, CosPackage=Standard}, ManagedRouter={}, Service Diversity Options={}}, Miscellaneous Service={Reporting={}}, Security Service={Virtual Private Network={}, Additional Features={}}, userId=ec006e, solutionId=820000, transactionId=68, serviceConfig-serviceRequired=true, dataService=data, dataService_performance=Performance}
[INFO ] 2017-01-18 12:11:22.911 [http-nio-9090-exec-9] SalesExpressJsonDataController - Inside saveServiceFeaturesData, user_id : ec006e solutionId :820000
[INFO ] 2017-01-18 12:11:22.911 [http-nio-9090-exec-9] SalesExpressJsonDataController - JSON string for service features : {
  "Data Service" : {
    "Performance" : {
      "CosType" : "Port Level",
      "CosPackage" : "Standard"
    },
    "ManagedRouter" : { },
    "Service Diversity Options" : { }
  },
  "Miscellaneous Service" : {
    "Reporting" : { }
  },
  "Security Service" : {
    "Virtual Private Network" : { },
    "Additional Features" : { }
  },
  "userId" : "ec006e",
  "solutionId" : "820000",
  "transactionId" : "68",
  "serviceConfig-serviceRequired" : "true",
  "dataService" : "data",
  "dataService_performance" : "Performance"
}
[INFO ] 2017-01-18 12:11:22.936 [http-nio-9090-exec-9] DbServiceImpl - Inside updateServiceFeaturesData
[INFO ] 2017-01-18 12:11:22.961 [http-nio-9090-exec-9] DbServiceImpl - Return value after service and features update : 1
[INFO ] 2017-01-18 12:11:25.283 [http-nio-9090-exec-4] SalesExpressJsonDataController - Inside results() method class com.att.salesexpress.webapp.controller.SalesExpressJsonDataController
[DEBUG] 2017-01-18 12:11:25.284 [http-nio-9090-exec-4] SalesExpressJsonDataController - Solution is retrieved from session is 820000
[INFO ] 2017-01-18 12:11:25.331 [http-nio-9090-exec-4] DbServiceImpl - Inside getAccessData() method.
[INFO ] 2017-01-18 12:11:25.332 [http-nio-9090-exec-4] DbServiceImpl - solutionId :820000
[INFO ] 2017-01-18 12:11:25.402 [http-nio-9090-exec-4] DbServiceImpl - accessSpeedValue for HeadQuarter is : 5000
[INFO ] 2017-01-18 12:11:25.403 [http-nio-9090-exec-4] DbServiceImpl - portSpeedValue for HeadQUarter is :1500
[INFO ] 2017-01-18 12:11:25.428 [http-nio-9090-exec-4] DbServiceImpl - getAccessData
