[INFO ] 2017-01-18 12:10:16.563 [localhost-startStop-1] ContextLoader - Root WebApplicationContext: initialization completed in 4556 ms
[INFO ] 2017-01-18 12:10:20.149 [main] RequestMappingHandlerMapping - Mapped "{[/getMetaData/{siteType}],methods=[GET]}" onto public org.springframework.http.ResponseEntity<java.lang.String> com.att.salesexpress.webapp.controller.SalesExpressJsonDataController.getSiteDataBySiteName(java.lang.String)
[INFO ] 2017-01-18 12:10:20.150 [main] RequestMappingHandlerMapping - Mapped "{[/postSiteConfiguration],methods=[POST]}" onto public org.springframework.http.ResponseEntity<java.util.Map<java.lang.String, java.lang.Object>> com.att.salesexpress.webapp.controller.SalesExpressJsonDataController.postSiteConfiguration(java.util.Map<java.lang.String, java.lang.Object>,javax.servlet.http.HttpServletRequest,javax.servlet.http.HttpServletResponse) throws org.springframework.web.bind.ServletRequestBindingException,com.fasterxml.jackson.core.JsonProcessingException,java.sql.SQLException
[INFO ] 2017-01-18 12:10:20.151 [main] RequestMappingHandlerMapping - Mapped "{[/postServiceFeaturesOptions],methods=[POST]}" onto public org.springframework.http.ResponseEntity<java.util.Map<java.lang.String, java.lang.Object>> com.att.salesexpress.webapp.controller.SalesExpressJsonDataController.saveServiceFeaturesData(java.util.Map<java.lang.String, java.lang.Object>,javax.servlet.http.HttpServletRequest) throws com.fasterxml.jackson.core.JsonProcessingException,java.sql.SQLException
[INFO ] 2017-01-18 12:10:20.151 [main] RequestMappingHandlerMapping - Mapped "{[/getPortSpeedsByAccessSpeed],methods=[GET]}" onto public org.springframework.http.ResponseEntity<java.lang.String> com.att.salesexpress.webapp.controller.SalesExpressJsonDataController.getPortSpeedsByAccessSpeed(java.util.Map<java.lang.String, java.lang.Object>) throws java.io.IOException,org.json.JSONException
[INFO ] 2017-01-18 12:10:20.152 [main] RequestMappingHandlerMapping - Mapped "{[/getAllAccessSpeeds],methods=[GET]}" onto public org.springframework.http.ResponseEntity<java.lang.String> com.att.salesexpress.webapp.controller.SalesExpressJsonDataController.getAllAccessSpeeds() throws com.fasterxml.jackson.core.JsonProcessingException
[INFO ] 2017-01-18 12:10:20.152 [main] RequestMappingHandlerMapping - Mapped "{[/results],methods=[GET]}" onto public org.springframework.http.ResponseEntity<java.lang.String> com.att.salesexpress.webapp.controller.SalesExpressJsonDataController.getResults(javax.servlet.http.HttpServletRequest) throws java.io.IOException,org.json.JSONException
[INFO ] 2017-01-18 12:10:20.154 [main] RequestMappingHandlerMapping - Mapped "{[/configure],methods=[GET]}" onto public org.springframework.web.servlet.ModelAndView com.att.salesexpress.webapp.controller.SalesExpressPocController.configure(javax.servlet.http.HttpServletRequest) throws com.fasterxml.jackson.core.JsonProcessingException
[INFO ] 2017-01-18 12:10:20.155 [main] RequestMappingHandlerMapping - Mapped "{[/home],methods=[GET]}" onto public org.springframework.web.servlet.ModelAndView com.att.salesexpress.webapp.controller.SalesExpressPocController.showMap(javax.servlet.http.HttpServletRequest) throws com.fasterxml.jackson.core.JsonProcessingException
[INFO ] 2017-01-18 12:10:20.158 [main] RequestMappingHandlerMapping - Mapped "{[/error]}" onto public org.springframework.http.ResponseEntity<java.util.Map<java.lang.String, java.lang.Object>> org.springframework.boot.autoconfigure.web.BasicErrorController.error(javax.servlet.http.HttpServletRequest)
[INFO ] 2017-01-18 12:10:20.159 [main] RequestMappingHandlerMapping - Mapped "{[/error],produces=[text/html]}" onto public org.springframework.web.servlet.ModelAndView org.springframework.boot.autoconfigure.web.BasicErrorController.errorHtml(javax.servlet.http.HttpServletRequest,javax.servlet.http.HttpServletResponse)
[INFO ] 2017-01-18 12:10:20.173 [main] WebMvcConfigurerAdapter - Configuring login controller
[INFO ] 2017-01-18 12:10:20.205 [main] SimpleUrlHandlerMapping - Mapped URL path [/login] onto handler of type [class org.springframework.web.servlet.mvc.ParameterizableViewController]
[INFO ] 2017-01-18 12:10:20.248 [main] SimpleUrlHandlerMapping - Mapped URL path [/**] onto handler of type [class org.springframework.web.servlet.resource.ResourceHttpRequestHandler]
[INFO ] 2017-01-18 12:10:20.267 [main] SimpleUrlHandlerMapping - Mapped URL path [/**] onto handler of type [class org.springframework.web.servlet.resource.DefaultServletHttpRequestHandler]
[INFO ] 2017-01-18 12:10:20.412 [main] RequestMappingHandlerAdapter - Looking for @ControllerAdvice: org.springframework.boot.context.embedded.AnnotationConfigEmbeddedWebApplicationContext@2718f858: startup date [Wed Jan 18 12:10:12 EST 2017]; parent: org.springframework.context.annotation.AnnotationConfigApplicationContext@3dbb4081
[INFO ] 2017-01-18 12:10:20.517 [main] ExceptionHandlerExceptionResolver - Detected @ExceptionHandler methods in salesExpressExceptionHandler
[INFO ] 2017-01-18 12:10:22.729 [main] FreeMarkerConfigurer - ClassTemplateLoader for Spring macros added to FreeMarker configuration
[INFO ] 2017-01-18 12:10:45.148 [http-nio-9090-exec-1] DispatcherServlet - FrameworkServlet 'dispatcherServlet': initialization started
[INFO ] 2017-01-18 12:10:45.168 [http-nio-9090-exec-1] DispatcherServlet - FrameworkServlet 'dispatcherServlet': initialization completed in 20 ms
